<?xml version="1.0" encoding="UTF-8"?>
<testsuite xmlns:xsi="http://www.w3.org/2001/XMLSchema-instance" xsi:noNamespaceSchemaLocation="https://maven.apache.org/surefire/maven-surefire-plugin/xsd/surefire-test-report.xsd" name="com.love2shop.springbootshop.SpringBootShopApplicationTests" time="19.177" tests="5" errors="2" skipped="0" failures="0">
  <properties>
[...]
</properties>
  <testcase name="testCreate" classname="com.love2shop.springbootshop.SpringBootShopApplicationTests" time="0.661">
    <error message="No value present" type="java.util.NoSuchElementException">java.util.NoSuchElementException: No value present
	at com.love2shop.springbootshop.SpringBootShopApplicationTests.testCreate(SpringBootShopApplicationTests.java:41)
</error>
    <system-out><![CDATA[16:22:58.801 [main] DEBUG org.springframework.test.context.BootstrapUtils - Instantiating CacheAwareContextLoaderDelegate from class [org.springframework.test.context.cache.DefaultCacheAwareContextLoaderDelegate]
16:22:58.821 [main] DEBUG org.springframework.test.context.BootstrapUtils - Instantiating BootstrapContext using constructor [public org.springframework.test.context.support.DefaultBootstrapContext(java.lang.Class,org.springframework.test.context.CacheAwareContextLoaderDelegate)]
16:22:58.916 [main] DEBUG org.springframework.test.context.BootstrapUtils - Instantiating TestContextBootstrapper for test class [com.love2shop.springbootshop.SpringBootShopApplicationTests] from class [org.springframework.boot.test.context.SpringBootTestContextBootstrapper]
16:22:58.949 [main] INFO org.springframework.boot.test.context.SpringBootTestContextBootstrapper - Neither @ContextConfiguration nor @ContextHierarchy found for test class [com.love2shop.springbootshop.SpringBootShopApplicationTests], using SpringBootContextLoader
16:22:58.958 [main] DEBUG org.springframework.test.context.support.AbstractContextLoader - Did not detect default resource location for test class [com.love2shop.springbootshop.SpringBootShopApplicationTests]: class path resource [com/love2shop/springbootshop/SpringBootShopApplicationTests-context.xml] does not exist
16:22:58.959 [main] DEBUG org.springframework.test.context.support.AbstractContextLoader - Did not detect default resource location for test class [com.love2shop.springbootshop.SpringBootShopApplicationTests]: class path resource [com/love2shop/springbootshop/SpringBootShopApplicationTestsContext.groovy] does not exist
16:22:58.960 [main] INFO org.springframework.test.context.support.AbstractContextLoader - Could not detect default resource locations for test class [com.love2shop.springbootshop.SpringBootShopApplicationTests]: no resource found for suffixes {-context.xml, Context.groovy}.
16:22:58.961 [main] INFO org.springframework.test.context.support.AnnotationConfigContextLoaderUtils - Could not detect default configuration classes for test class [com.love2shop.springbootshop.SpringBootShopApplicationTests]: SpringBootShopApplicationTests does not declare any static, non-private, non-final, nested classes annotated with @Configuration.
16:22:59.079 [main] DEBUG org.springframework.test.context.support.ActiveProfilesUtils - Could not find an 'annotation declaring class' for annotation type [org.springframework.test.context.ActiveProfiles] and class [com.love2shop.springbootshop.SpringBootShopApplicationTests]
16:22:59.198 [main] DEBUG org.springframework.context.annotation.ClassPathScanningCandidateComponentProvider - Identified candidate component class: file [D:\hexa project\shoppingapplication\shoppingapplication\02-backend\spring-boot-shop\spring-boot-shop\target\classes\com\love2shop\springbootshop\SpringBootShopApplication.class]
16:22:59.201 [main] INFO org.springframework.boot.test.context.SpringBootTestContextBootstrapper - Found @SpringBootConfiguration com.love2shop.springbootshop.SpringBootShopApplication for test class com.love2shop.springbootshop.SpringBootShopApplicationTests
16:22:59.479 [main] DEBUG org.springframework.boot.test.context.SpringBootTestContextBootstrapper - @TestExecutionListeners is not present for class [com.love2shop.springbootshop.SpringBootShopApplicationTests]: using defaults.
16:22:59.480 [main] INFO org.springframework.boot.test.context.SpringBootTestContextBootstrapper - Loaded default TestExecutionListener class names from location [META-INF/spring.factories]: [org.springframework.boot.test.mock.mockito.MockitoTestExecutionListener, org.springframework.boot.test.mock.mockito.ResetMocksTestExecutionListener, org.springframework.boot.test.autoconfigure.restdocs.RestDocsTestExecutionListener, org.springframework.boot.test.autoconfigure.web.client.MockRestServiceServerResetTestExecutionListener, org.springframework.boot.test.autoconfigure.web.servlet.MockMvcPrintOnlyOnFailureTestExecutionListener, org.springframework.boot.test.autoconfigure.web.servlet.WebDriverTestExecutionListener, org.springframework.boot.test.autoconfigure.webservices.client.MockWebServiceServerTestExecutionListener, org.springframework.test.context.web.ServletTestExecutionListener, org.springframework.test.context.support.DirtiesContextBeforeModesTestExecutionListener, org.springframework.test.context.event.ApplicationEventsTestExecutionListener, org.springframework.test.context.support.DependencyInjectionTestExecutionListener, org.springframework.test.context.support.DirtiesContextTestExecutionListener, org.springframework.test.context.transaction.TransactionalTestExecutionListener, org.springframework.test.context.jdbc.SqlScriptsTestExecutionListener, org.springframework.test.context.event.EventPublishingTestExecutionListener]
16:22:59.538 [main] INFO org.springframework.boot.test.context.SpringBootTestContextBootstrapper - Using TestExecutionListeners: [org.springframework.test.context.web.ServletTestExecutionListener@4a891c97, org.springframework.test.context.support.DirtiesContextBeforeModesTestExecutionListener@a5bd950, org.springframework.test.context.event.ApplicationEventsTestExecutionListener@4d18aa28, org.springframework.boot.test.mock.mockito.MockitoTestExecutionListener@75390459, org.springframework.boot.test.autoconfigure.SpringBootDependencyInjectionTestExecutionListener@7756c3cd, org.springframework.test.context.support.DirtiesContextTestExecutionListener@2313052e, org.springframework.test.context.transaction.TransactionalTestExecutionListener@2bd2b28e, org.springframework.test.context.jdbc.SqlScriptsTestExecutionListener@16746061, org.springframework.test.context.event.EventPublishingTestExecutionListener@57fd91c9, org.springframework.boot.test.mock.mockito.ResetMocksTestExecutionListener@6cfcd46d, org.springframework.boot.test.autoconfigure.restdocs.RestDocsTestExecutionListener@52045dbe, org.springframework.boot.test.autoconfigure.web.client.MockRestServiceServerResetTestExecutionListener@674658f7, org.springframework.boot.test.autoconfigure.web.servlet.MockMvcPrintOnlyOnFailureTestExecutionListener@5c8eee0f, org.springframework.boot.test.autoconfigure.web.servlet.WebDriverTestExecutionListener@565b064f, org.springframework.boot.test.autoconfigure.webservices.client.MockWebServiceServerTestExecutionListener@26425897]
16:22:59.547 [main] DEBUG org.springframework.test.context.support.AbstractDirtiesContextTestExecutionListener - Before test class: context [DefaultTestContext@2fc0cc3 testClass = SpringBootShopApplicationTests, testInstance = [null], testMethod = [null], testException = [null], mergedContextConfiguration = [WebMergedContextConfiguration@328cf0e1 testClass = SpringBootShopApplicationTests, locations = '{}', classes = '{class com.love2shop.springbootshop.SpringBootShopApplication}', contextInitializerClasses = '[]', activeProfiles = '{}', propertySourceLocations = '{}', propertySourceProperties = '{org.springframework.boot.test.context.SpringBootTestContextBootstrapper=true}', contextCustomizers = set[org.springframework.boot.test.context.filter.ExcludeFilterContextCustomizer@67b9b51a, org.springframework.boot.test.json.DuplicateJsonObjectContextCustomizerFactory$DuplicateJsonObjectContextCustomizer@5c669da8, org.springframework.boot.test.mock.mockito.MockitoContextCustomizer@0, org.springframework.boot.test.web.client.TestRestTemplateContextCustomizer@df6620a, org.springframework.boot.test.autoconfigure.actuate.metrics.MetricsExportContextCustomizerFactory$DisableMetricExportContextCustomizer@662706a7, org.springframework.boot.test.autoconfigure.properties.PropertyMappingContextCustomizer@0, org.springframework.boot.test.autoconfigure.web.servlet.WebDriverContextCustomizerFactory$Customizer@50dfbc58, org.springframework.boot.test.context.SpringBootTestArgs@1, org.springframework.boot.test.context.SpringBootTestWebEnvironment@44ebcd03], resourceBasePath = 'src/main/webapp', contextLoader = 'org.springframework.boot.test.context.SpringBootContextLoader', parent = [null]], attributes = map['org.springframework.test.context.web.ServletTestExecutionListener.activateListener' -> true]], class annotated with @DirtiesContext [false] with mode [null].

  .   ____          _            __ _ _
 /\\ / ___'_ __ _ _(_)_ __  __ _ \ \ \ \
( ( )\___ | '_ | '_| | '_ \/ _` | \ \ \ \
 \\/  ___)| |_)| | | | | || (_| |  ) ) ) )
  '  |____| .__|_| |_|_| |_\__, | / / / /
 =========|_|==============|___/=/_/_/_/
 :: Spring Boot ::               (v2.7.15)

2023-09-16 16:23:00.360  INFO 11980 --- [           main] c.l.s.SpringBootShopApplicationTests     : Starting SpringBootShopApplicationTests using Java 17.0.6 on DESKTOP-A99FIT8 with PID 11980 (started by Manu in D:\hexa project\shoppingapplication\shoppingapplication\02-backend\spring-boot-shop\spring-boot-shop)
2023-09-16 16:23:00.367  INFO 11980 --- [           main] c.l.s.SpringBootShopApplicationTests     : No active profile set, falling back to 1 default profile: "default"
2023-09-16 16:23:02.744  INFO 11980 --- [           main] .s.d.r.c.RepositoryConfigurationDelegate : Bootstrapping Spring Data JPA repositories in DEFAULT mode.
2023-09-16 16:23:02.919  INFO 11980 --- [           main] .s.d.r.c.RepositoryConfigurationDelegate : Finished Spring Data repository scanning in 148 ms. Found 4 JPA repository interfaces.
2023-09-16 16:23:04.758  INFO 11980 --- [           main] com.zaxxer.hikari.HikariDataSource       : HikariPool-1 - Starting...
2023-09-16 16:23:05.630  INFO 11980 --- [           main] com.zaxxer.hikari.HikariDataSource       : HikariPool-1 - Start completed.
2023-09-16 16:23:05.748  INFO 11980 --- [           main] o.hibernate.jpa.internal.util.LogHelper  : HHH000204: Processing PersistenceUnitInfo [name: default]
2023-09-16 16:23:06.044  INFO 11980 --- [           main] org.hibernate.Version                    : HHH000412: Hibernate ORM core version 5.6.15.Final
2023-09-16 16:23:06.487  INFO 11980 --- [           main] o.hibernate.annotations.common.Version   : HCANN000001: Hibernate Commons Annotations {5.1.2.Final}
2023-09-16 16:23:06.712  INFO 11980 --- [           main] org.hibernate.dialect.Dialect            : HHH000400: Using dialect: org.hibernate.dialect.MySQL8Dialect
2023-09-16 16:23:07.729  INFO 11980 --- [           main] o.h.e.t.j.p.i.JtaPlatformInitiator       : HHH000490: Using JtaPlatform implementation: [org.hibernate.engine.transaction.jta.platform.internal.NoJtaPlatform]
2023-09-16 16:23:07.746  INFO 11980 --- [           main] j.LocalContainerEntityManagerFactoryBean : Initialized JPA EntityManagerFactory for persistence unit 'default'
2023-09-16 16:23:09.734  WARN 11980 --- [           main] JpaBaseConfiguration$JpaWebConfiguration : spring.jpa.open-in-view is enabled by default. Therefore, database queries may be performed during view rendering. Explicitly configure spring.jpa.open-in-view to disable this warning
2023-09-16 16:23:14.673  INFO 11980 --- [           main] o.s.s.web.DefaultSecurityFilterChain     : Will secure any request with [org.springframework.security.web.session.DisableEncodeUrlFilter@50c9b080, org.springframework.security.web.context.request.async.WebAsyncManagerIntegrationFilter@2ea8f277, org.springframework.security.web.context.SecurityContextPersistenceFilter@58178b69, org.springframework.security.web.header.HeaderWriterFilter@63fef83c, org.springframework.web.filter.CorsFilter@7244b40e, org.springframework.security.web.authentication.logout.LogoutFilter@377b7798, org.springframework.security.oauth2.client.web.OAuth2AuthorizationRequestRedirectFilter@358bbbe2, org.springframework.security.oauth2.client.web.OAuth2LoginAuthenticationFilter@57bc7f67, org.springframework.security.web.authentication.ui.DefaultLoginPageGeneratingFilter@d9ff1cd, org.springframework.security.web.authentication.ui.DefaultLogoutPageGeneratingFilter@5d8de4bd, org.springframework.security.oauth2.server.resource.web.BearerTokenAuthenticationFilter@4c541b00, org.springframework.security.web.savedrequest.RequestCacheAwareFilter@22cbbe87, org.springframework.security.web.servletapi.SecurityContextHolderAwareRequestFilter@46e32574, org.springframework.security.web.authentication.AnonymousAuthenticationFilter@405d123c, org.springframework.security.web.session.SessionManagementFilter@4f9191c1, org.springframework.security.web.access.ExceptionTranslationFilter@402d45c6, org.springframework.security.web.access.intercept.FilterSecurityInterceptor@6d58ed12]
2023-09-16 16:23:16.536  INFO 11980 --- [           main] c.l.s.SpringBootShopApplicationTests     : Started SpringBootShopApplicationTests in 16.872 seconds (JVM running for 19.178)
]]></system-out>
  </testcase>
  <testcase name="testReadAll" classname="com.love2shop.springbootshop.SpringBootShopApplicationTests" time="0.514"/>
  <testcase name="testSingleBook" classname="com.love2shop.springbootshop.SpringBootShopApplicationTests" time="0.066"/>
  <testcase name="testUpdate" classname="com.love2shop.springbootshop.SpringBootShopApplicationTests" time="0.029"/>
  <testcase name="testDelete" classname="com.love2shop.springbootshop.SpringBootShopApplicationTests" time="0.023">
    <error message="No class com.love2shop.springbootshop.entity.Book entity with id 26 exists!" type="org.springframework.dao.EmptyResultDataAccessException">org.springframework.dao.EmptyResultDataAccessException: No class com.love2shop.springbootshop.entity.Book entity with id 26 exists!
	at com.love2shop.springbootshop.SpringBootShopApplicationTests.testDelete(SpringBootShopApplicationTests.java:71)
</error>
  </testcase>
</testsuite>